<?xml version="1.0" encoding="UTF-8"?>
<!-- Generated by org.testng.reporters.JUnitReportReporter -->
<testsuite skipped="0" hostname="P11-AS-2XXZXC2" name="Testcases.TestSuitAssignProfile" tests="8" failures="0" timestamp="23 Jul 2020 09:23:08 GMT" time="48.163" errors="0">
  <testcase name="testChrome" time="9.749" classname="Testcases.TestSuitAssignProfile"/>
  <testcase name="loginToRA" time="8.045" classname="Testcases.TestSuitAssignProfile"/>
  <testcase name="clickOnModeletProfileTab" time="1.146" classname="Testcases.TestSuitAssignProfile"/>
  <testcase name="editAssignProfilePossitiveScenario" time="7.718" classname="Testcases.TestSuitAssignProfile"/>
  <testcase name="editAssignProfileNegativeScenario" time="3.977" classname="Testcases.TestSuitAssignProfile"/>
  <testcase name="restartModeletWithYesButton" time="6.798" classname="Testcases.TestSuitAssignProfile"/>
  <testcase name="downloadFile" time="10.230" classname="Testcases.TestSuitAssignProfile"/>
  <testcase name="profileSerching" time="0.500" classname="Testcases.TestSuitAssignProfile"/>
</testsuite> <!-- Testcases.TestSuitAssignProfile -->
