<?xml version="1.0" encoding="UTF-8"?>
<!-- Generated by org.testng.reporters.JUnitReportReporter -->
<testsuite skipped="0" hostname="P11-AS-2XXZXC2" name="Testcases.TestSuitSupportLib$TestSuitTransactionDashboard" tests="10" failures="0" timestamp="12 Aug 2020 05:59:05 GMT" time="120.944" errors="0">
  <testcase name="testChrome" time="14.720" classname="Testcases.TestSuitSupportLib$TestSuitTransactionDashboard"/>
  <testcase name="loginToRA" time="20.013" classname="Testcases.TestSuitSupportLib$TestSuitTransactionDashboard"/>
  <testcase name="switchToSupportLibTab" time="3.488" classname="Testcases.TestSuitSupportLib$TestSuitTransactionDashboard"/>
  <testcase name="addLibraryR360Nobutton1" time="1.535" classname="Testcases.TestSuitSupportLib$TestSuitTransactionDashboard"/>
  <testcase name="addLibraryR360YesbuttonInvalidFileUpload1" time="19.537" classname="Testcases.TestSuitSupportLib$TestSuitTransactionDashboard"/>
  <testcase name="deleteLibrary1" time="0.312" classname="Testcases.TestSuitSupportLib$TestSuitTransactionDashboard"/>
  <testcase name="addLibraryR332Nobutton1" time="0.823" classname="Testcases.TestSuitSupportLib$TestSuitTransactionDashboard"/>
  <testcase name="addLibraryR332YesbuttonInvalidFileUpload1" time="18.719" classname="Testcases.TestSuitSupportLib$TestSuitTransactionDashboard"/>
  <testcase name="addLibraryR332ValidFileUpload1" time="18.931" classname="Testcases.TestSuitSupportLib$TestSuitTransactionDashboard"/>
  <testcase name="validateInmanagePageAndDownnloadLibrary" time="22.866" classname="Testcases.TestSuitSupportLib$TestSuitTransactionDashboard"/>
</testsuite> <!-- Testcases.TestSuitSupportLib$TestSuitTransactionDashboard -->
