<?xml version="1.0" encoding="UTF-8"?>
<!-- Generated by org.testng.reporters.JUnitReportReporter -->
<testsuite skipped="0" hostname="P11-AS-2XXZXC2" name="Testcases.TestSuitForNewModelVersion" tests="5" failures="0" timestamp="09 Sep 2020 10:01:39 GMT" time="152.275" errors="0">
  <testcase name="testChrome" time="14.316" classname="Testcases.TestSuitForNewModelVersion"/>
  <testcase name="loginToRA" time="49.165" classname="Testcases.TestSuitForNewModelVersion"/>
  <testcase name="Switch_tenant1" time="5.626" classname="Testcases.TestSuitForNewModelVersion"/>
  <testcase name="managePageVerification" time="80.211" classname="Testcases.TestSuitForNewModelVersion"/>
  <testcase name="viewPage1" time="2.957" classname="Testcases.TestSuitForNewModelVersion"/>
</testsuite> <!-- Testcases.TestSuitForNewModelVersion -->
