<?xml version="1.0" encoding="UTF-8"?>
<!-- Generated by org.testng.reporters.JUnitReportReporter -->
<testsuite skipped="0" hostname="P11-AS-2XXZXC2" name="Testcases.TestsuitsManageProfile" tests="7" failures="0" timestamp="23 Jul 2020 09:21:00 GMT" time="69.576" errors="0">
  <testcase name="testChrome" time="9.355" classname="Testcases.TestsuitsManageProfile"/>
  <testcase name="loginToRA" time="8.864" classname="Testcases.TestsuitsManageProfile"/>
  <testcase name="modeletProfileWithSave" time="13.848" classname="Testcases.TestsuitsManageProfile"/>
  <testcase name="deleteProfileCancle" time="5.316" classname="Testcases.TestsuitsManageProfile"/>
  <testcase name="deleteProfileYes" time="7.387" classname="Testcases.TestsuitsManageProfile"/>
  <testcase name="editProfile" time="21.587" classname="Testcases.TestsuitsManageProfile"/>
  <testcase name="searchModeletProfile" time="3.219" classname="Testcases.TestsuitsManageProfile"/>
</testsuite> <!-- Testcases.TestsuitsManageProfile -->
